<?xml version="1.0" encoding="UTF-8"?>
<!-- Generated by org.testng.reporters.JUnitXMLReporter -->
<testsuite hostname="DESKTOP-G0D562V" ignored="0" name="Test" tests="4" failures="2" timestamp="25 Feb 2020 14:01:53 GMT" time="53.19" errors="0">
  <testcase name="caseFour" time="0.01" classname="Cases.CaseOne">
    <failure type="java.lang.AssertionError" message="expected [false] but found [true]">
      <![CDATA[java.lang.AssertionError: expected [false] but found [true]
at Cases.CaseOne.caseFour(CaseOne.java:52)
... Removed 31 stack frames]]>
    </failure>
  </testcase> <!-- caseFour -->
  <testcase name="caseOne" time="0.003" classname="Cases.CaseOne"/>
  <testcase name="caseThree" time="0.002" classname="Cases.CaseOne"/>
  <testcase name="caseTwo" time="0.003" classname="Cases.CaseOne">
    <failure type="java.lang.AssertionError" message="expected [false] but found [true]">
      <![CDATA[java.lang.AssertionError: expected [false] but found [true]
at Cases.CaseOne.caseTwo(CaseOne.java:42)
... Removed 31 stack frames]]>
    </failure>
  </testcase> <!-- caseTwo -->
</testsuite> <!-- Test -->
