<?xml version="1.0" encoding="UTF-8"?>
<testng-results skipped="0" failed="0" ignored="0" total="2" passed="2">
  <reporter-output>
  </reporter-output>
  <suite name="Suite" duration-ms="78025" started-at="2020-02-27T07:36:24Z" finished-at="2020-02-27T07:37:42Z">
    <groups>
    </groups>
    <test name="Test" duration-ms="78025" started-at="2020-02-27T07:36:24Z" finished-at="2020-02-27T07:37:42Z">
      <class name="Cases.CaseOne">
        <test-method status="PASS" signature="ExtentSet()[pri:0, instance:Cases.CaseOne@73ad2d6]" name="ExtentSet" is-config="true" duration-ms="965" started-at="2020-02-27T07:36:23Z" finished-at="2020-02-27T07:36:24Z">
          <reporter-output>
          </reporter-output>
        </test-method> <!-- ExtentSet -->
        <test-method status="PASS" signature="init()[pri:0, instance:Cases.CaseOne@73ad2d6]" name="init" is-config="true" duration-ms="22061" started-at="2020-02-27T07:36:24Z" finished-at="2020-02-27T07:36:46Z">
          <reporter-output>
          </reporter-output>
        </test-method> <!-- init -->
        <test-method status="PASS" signature="caseOne()[pri:0, instance:Cases.CaseOne@73ad2d6]" name="caseOne" duration-ms="44" started-at="2020-02-27T07:36:46Z" finished-at="2020-02-27T07:36:46Z">
          <reporter-output>
          </reporter-output>
        </test-method> <!-- caseOne -->
        <test-method status="PASS" signature="tearDowntest()[pri:0, instance:Cases.CaseOne@73ad2d6]" name="tearDowntest" is-config="true" duration-ms="6940" started-at="2020-02-27T07:36:46Z" finished-at="2020-02-27T07:36:53Z">
          <reporter-output>
          </reporter-output>
        </test-method> <!-- tearDowntest -->
        <test-method status="PASS" signature="init()[pri:0, instance:Cases.CaseOne@73ad2d6]" name="init" is-config="true" duration-ms="17937" started-at="2020-02-27T07:36:53Z" finished-at="2020-02-27T07:37:11Z">
          <reporter-output>
          </reporter-output>
        </test-method> <!-- init -->
        <test-method status="PASS" signature="clickNewEvent()[pri:0, instance:Cases.CaseOne@73ad2d6]" name="clickNewEvent" duration-ms="24759" started-at="2020-02-27T07:37:11Z" finished-at="2020-02-27T07:37:36Z">
          <reporter-output>
          </reporter-output>
        </test-method> <!-- clickNewEvent -->
        <test-method status="PASS" signature="tearDowntest()[pri:0, instance:Cases.CaseOne@73ad2d6]" name="tearDowntest" is-config="true" duration-ms="6069" started-at="2020-02-27T07:37:36Z" finished-at="2020-02-27T07:37:42Z">
          <reporter-output>
          </reporter-output>
        </test-method> <!-- tearDowntest -->
      </class> <!-- Cases.CaseOne -->
    </test> <!-- Test -->
  </suite> <!-- Suite -->
</testng-results>
